2025-03-29 10:20:49,141 | basic_experiment | INFO     | Logging to /mnt/c/Users/garci/Documents/Masters/CSE-584-W25-ANN-Project/data/experiments/basic_experiment (2025-03-29 10:20:49)/basic_experiment.log
2025-03-29 10:20:49,151 | basic_experiment | INFO     | Starting docker container...
2025-03-29 10:21:31,305 | basic_experiment | INFO     | Copying config files to docker container...
2025-03-29 10:22:02,661 | basic_experiment | INFO     | Docker container started.
2025-03-29 10:22:02,662 | basic_experiment | INFO     | Dashboard: http://127.0.0.1:9091/webui/
2025-03-29 10:22:02,663 | basic_experiment | ERROR    | [Errno 2] No such file or directory: '/mnt/c/Users/garci/Documents/Masters/CSE-584-W25-ANN-Project/data/datasets/sift/sift_base.fvecs'
Traceback (most recent call last):
  File "/mnt/c/Users/garci/Documents/Masters/CSE-584-W25-ANN-Project/src/experiment_utils.py", line 111, in run_test
    results = config["test_function"](logger, config, experiment_dir)
  File "/mnt/c/Users/garci/Documents/Masters/CSE-584-W25-ANN-Project/src/basic_experiment.py", line 17, in test
    partitioner, attributes = setup_db(logger, config)
  File "/mnt/c/Users/garci/Documents/Masters/CSE-584-W25-ANN-Project/src/experiment_utils.py", line 68, in setup_db
    dataset = SiftDataset(DATASET_PATH / "datasets" / config["dataset"], config["dataset"])
  File "/mnt/c/Users/garci/Documents/Masters/CSE-584-W25-ANN-Project/src/sift.py", line 20, in __init__
    self.base = read('base', 'fvecs')
  File "/mnt/c/Users/garci/Documents/Masters/CSE-584-W25-ANN-Project/src/sift.py", line 16, in read
    data = fvecs_read(file_path)
  File "/mnt/c/Users/garci/Documents/Masters/CSE-584-W25-ANN-Project/src/fvecs.py", line 34, in fvecs_read
    return ivecs_read(path).view(np.float32)
  File "/mnt/c/Users/garci/Documents/Masters/CSE-584-W25-ANN-Project/src/fvecs.py", line 20, in ivecs_read
    fv = np.fromfile(path, dtype=np.int32)
FileNotFoundError: [Errno 2] No such file or directory: '/mnt/c/Users/garci/Documents/Masters/CSE-584-W25-ANN-Project/data/datasets/sift/sift_base.fvecs'
2025-03-29 10:22:02,695 | basic_experiment | INFO     | Test failed.
2025-03-29 10:22:02,696 | basic_experiment | INFO     | Cleaning up docker container...
2025-03-29 10:22:13,597 | basic_experiment | INFO     | Docker container stopped and deleted.
