2025-03-30 01:50:54,856 | basic_experiment | INFO     | Logging to /mnt/c/Users/garci/Documents/Masters/CSE-584-W25-ANN-Project/data/experiments/basic_experiment (2025-03-30 01:50:54)/basic_experiment.log
2025-03-30 01:50:54,859 | basic_experiment | INFO     | Starting docker container...
2025-03-30 01:51:33,934 | basic_experiment | INFO     | Copying config files to docker container...
2025-03-30 01:52:05,407 | basic_experiment | INFO     | Docker container started.
2025-03-30 01:52:05,408 | basic_experiment | INFO     | Dashboard: http://127.0.0.1:9091/webui/
2025-03-30 01:52:10,430 | basic_experiment | INFO     | Partitions (5): [(0, 19), (20, 39), (40, 59), (60, 79), (80, 99)]
2025-03-30 01:52:11,892 | basic_experiment | INFO     | Collection schema created.
2025-03-30 01:52:59,367 | basic_experiment | INFO     | Collection created.
2025-03-30 01:52:59,371 | basic_experiment | INFO     | Running search...
2025-03-30 01:53:00,600 | basic_experiment | ERROR    | <MilvusException: (code=1100, message=failed to create query plan: cannot parse expression: attribute <= 100.0, error: cannot cast value to Int64, value: float_val:100: invalid parameter)>
Traceback (most recent call last):
  File "/mnt/c/Users/garci/Documents/Masters/CSE-584-W25-ANN-Project/src/experiment_utils.py", line 111, in run_test
    results = config["test_function"](logger, config, experiment_dir)
  File "/mnt/c/Users/garci/Documents/Masters/CSE-584-W25-ANN-Project/src/basic_experiment.py", line 28, in test
    searcher.do_search(index, upper_bound=1000 * config["selectivity"])
  File "/mnt/c/Users/garci/Documents/Masters/CSE-584-W25-ANN-Project/src/search.py", line 43, in do_search
    res = self.client.search(
  File "/home/tomasgl/.local/lib/python3.10/site-packages/pymilvus/milvus_client/milvus_client.py", line 416, in search
    raise ex from ex
  File "/home/tomasgl/.local/lib/python3.10/site-packages/pymilvus/milvus_client/milvus_client.py", line 401, in search
    res = conn.search(
  File "/home/tomasgl/.local/lib/python3.10/site-packages/pymilvus/decorators.py", line 141, in handler
    raise e from e
  File "/home/tomasgl/.local/lib/python3.10/site-packages/pymilvus/decorators.py", line 137, in handler
    return func(*args, **kwargs)
  File "/home/tomasgl/.local/lib/python3.10/site-packages/pymilvus/decorators.py", line 176, in handler
    return func(self, *args, **kwargs)
  File "/home/tomasgl/.local/lib/python3.10/site-packages/pymilvus/decorators.py", line 116, in handler
    raise e from e
  File "/home/tomasgl/.local/lib/python3.10/site-packages/pymilvus/decorators.py", line 86, in handler
    return func(*args, **kwargs)
  File "/home/tomasgl/.local/lib/python3.10/site-packages/pymilvus/client/grpc_handler.py", line 896, in search
    return self._execute_search(request, timeout, round_decimal=round_decimal, **kwargs)
  File "/home/tomasgl/.local/lib/python3.10/site-packages/pymilvus/client/grpc_handler.py", line 837, in _execute_search
    raise e from e
  File "/home/tomasgl/.local/lib/python3.10/site-packages/pymilvus/client/grpc_handler.py", line 826, in _execute_search
    check_status(response.status)
  File "/home/tomasgl/.local/lib/python3.10/site-packages/pymilvus/client/utils.py", line 64, in check_status
    raise MilvusException(status.code, status.reason, status.error_code)
pymilvus.exceptions.MilvusException: <MilvusException: (code=1100, message=failed to create query plan: cannot parse expression: attribute <= 100.0, error: cannot cast value to Int64, value: float_val:100: invalid parameter)>
2025-03-30 01:53:00,612 | basic_experiment | INFO     | Test failed.
2025-03-30 01:53:00,612 | basic_experiment | INFO     | Cleaning up docker container...
2025-03-30 01:53:11,965 | basic_experiment | INFO     | Docker container stopped and deleted.
