2025-03-30 01:56:50,657 | basic_experiment | INFO     | Logging to /mnt/c/Users/garci/Documents/Masters/CSE-584-W25-ANN-Project/data/experiments/basic_experiment (2025-03-30 01:56:50)/basic_experiment.log
2025-03-30 01:56:50,659 | basic_experiment | INFO     | Starting docker container...
2025-03-30 01:57:32,800 | basic_experiment | INFO     | Copying config files to docker container...
2025-03-30 01:58:04,271 | basic_experiment | INFO     | Docker container started.
2025-03-30 01:58:04,271 | basic_experiment | INFO     | Dashboard: http://127.0.0.1:9091/webui/
2025-03-30 01:58:09,282 | basic_experiment | INFO     | Partitions (5): [(0, 19), (200, 219), (400, 419), (600, 619), (800, 819)]
2025-03-30 01:58:10,528 | basic_experiment | INFO     | Collection schema created.
2025-03-30 01:58:10,564 | basic_experiment | ERROR    | None
Traceback (most recent call last):
  File "/mnt/c/Users/garci/Documents/Masters/CSE-584-W25-ANN-Project/src/experiment_utils.py", line 111, in run_test
    results = config["test_function"](logger, config, experiment_dir)
  File "/mnt/c/Users/garci/Documents/Masters/CSE-584-W25-ANN-Project/src/basic_experiment.py", line 17, in test
    partitioner, attributes = setup_db(logger, config)
  File "/mnt/c/Users/garci/Documents/Masters/CSE-584-W25-ANN-Project/src/experiment_utils.py", line 79, in setup_db
    creator.populate_collection(config["dataset"], dataset, attributes)
  File "/mnt/c/Users/garci/Documents/Masters/CSE-584-W25-ANN-Project/src/create_db.py", line 97, in populate_collection
    batch = partition_batches[partition_name]
KeyError: None
2025-03-30 01:58:10,579 | basic_experiment | INFO     | Test failed.
2025-03-30 01:58:10,581 | basic_experiment | INFO     | Cleaning up docker container...
2025-03-30 01:58:21,254 | basic_experiment | INFO     | Docker container stopped and deleted.
